<?xml version="1.0" encoding="UTF-8"?>
<!-- Generated by org.testng.reporters.JUnitReportReporter -->
<testsuite hostname="LPT6849" failures="0" tests="2" name="Com.AxisBank.QATest.KYC_ScreenTest" time="2.146" errors="0" timestamp="31 Dec 2024 05:38:16 GMT">
  <testcase classname="Com.AxisBank.QATest.KYC_ScreenTest" name="KYC_ScreenTest_Positive" time="1.861"/>
  <testcase classname="Com.AxisBank.QATest.KYC_ScreenTest" name="VerifyTrasactionPage" time="0.285"/>
</testsuite>
