<?xml version="1.0" encoding="UTF-8"?>
<!-- Generated by org.testng.reporters.JUnitReportReporter -->
<testsuite hostname="LPT6849" failures="0" tests="1" name="Com.AxisBank.QATest.LoginPageTest" time="0.057" errors="0" timestamp="30 Dec 2024 09:42:46 GMT">
  <testcase classname="Com.AxisBank.QATest.LoginPageTest" name="FacebookLoginPageTest" time="0.057"/>
</testsuite>
